#
# There is insufficient memory for the Java Runtime Environment to continue.
# Native memory allocation (malloc) failed to allocate 1157776 bytes for Chunk::new
# Possible reasons:
#   The system is out of physical RAM or swap space
#   The process is running with CompressedOops enabled, and the Java Heap may be blocking the growth of the native heap
# Possible solutions:
#   Reduce memory load on the system
#   Increase physical memory or swap space
#   Check if swap backing store is full
#   Decrease Java heap size (-Xmx/-Xms)
#   Decrease number of Java threads
#   Decrease Java thread stack sizes (-Xss)
#   Set larger code cache with -XX:ReservedCodeCacheSize=
#   JVM is running with Zero Based Compressed Oops mode in which the Java heap is
#     placed in the first 32GB address space. The Java Heap base address is the
#     maximum limit for the native heap growth. Please use -XX:HeapBaseMinAddress
#     to set the Java Heap base and to place the Java Heap above 32GB virtual address.
# This output file may be truncated or incomplete.
#
#  Out of Memory Error (arena.cpp:189), pid=11064, tid=11584
#
# JRE version: Java(TM) SE Runtime Environment (17.0.10+11) (build 17.0.10+11-LTS-240)
# Java VM: Java HotSpot(TM) 64-Bit Server VM (17.0.10+11-LTS-240, mixed mode, sharing, tiered, compressed oops, compressed class ptrs, g1 gc, windows-amd64)
# No core dump will be written. Minidumps are not enabled by default on client versions of Windows
#

---------------  S U M M A R Y ------------

Command Line: -Dmaven.multiModuleProjectDirectory=C:\Users\titif\JavaProjects\Fidem -Djansi.passthrough=true -Dmaven.home=C:\Program Files\JetBrains\IntelliJ IDEA Community Edition 2023.3.5\plugins\maven\lib\maven3 -Dclassworlds.conf=C:\Program Files\JetBrains\IntelliJ IDEA Community Edition 2023.3.5\plugins\maven\lib\maven3\bin\m2.conf -Dmaven.ext.class.path=C:\Program Files\JetBrains\IntelliJ IDEA Community Edition 2023.3.5\plugins\maven\lib\maven-event-listener.jar -javaagent:C:\Program Files\JetBrains\IntelliJ IDEA Community Edition 2023.3.5\lib\idea_rt.jar=54353:C:\Program Files\JetBrains\IntelliJ IDEA Community Edition 2023.3.5\bin -Dfile.encoding=UTF-8 org.codehaus.classworlds.Launcher -Didea.version=2023.3.5 package

Host: 11th Gen Intel(R) Core(TM) i7-11700KF @ 3.60GHz, 16 cores, 15G,  Windows 11 , 64 bit Build 22621 (10.0.22621.3085)
Time: Wed Mar 13 22:36:20 2024 Paris, Madrid elapsed time: 1.361720 seconds (0d 0h 0m 1s)

---------------  T H R E A D  ---------------

Current thread (0x000001f2f89464a0):  JavaThread "C2 CompilerThread5" daemon [_thread_in_native, id=11584, stack(0x0000005c5f000000,0x0000005c5f100000)]


Current CompileTask:
C2:   1361 3631       4       org.codehaus.plexus.util.xml.pull.MXParser::parseAttribute (1429 bytes)

Stack: [0x0000005c5f000000,0x0000005c5f100000]
Native frames: (J=compiled Java code, j=interpreted, Vv=VM code, C=native code)
V  [jvm.dll+0x677a5a]
V  [jvm.dll+0x7d8b2d]
V  [jvm.dll+0x7da48e]
V  [jvm.dll+0x7daaf3]
V  [jvm.dll+0x2455ff]
V  [jvm.dll+0xaaafb]
V  [jvm.dll+0xab09c]
V  [jvm.dll+0x361b5f]
V  [jvm.dll+0x32c211]
V  [jvm.dll+0x32b6aa]
V  [jvm.dll+0x21794f]
V  [jvm.dll+0x216d81]
V  [jvm.dll+0x1a3410]
V  [jvm.dll+0x226aeb]
V  [jvm.dll+0x224cab]
V  [jvm.dll+0x78e45c]
V  [jvm.dll+0x78888a]
V  [jvm.dll+0x676935]
C  [ucrtbase.dll+0x29363]
C  [KERNEL32.DLL+0x1257d]
C  [ntdll.dll+0x5aa58]


---------------  P R O C E S S  ---------------

Threads class SMR info:
_java_thread_list=0x000001f2f9759710, length=21, elements={
0x000001f2cddb0eb0, 0x000001f2f354ca30, 0x000001f2f354d5f0, 0x000001f2f36d2990,
0x000001f2f36d3460, 0x000001f2f36d7e40, 0x000001f2f36d9810, 0x000001f2f36da7c0,
0x000001f2f36e6b90, 0x000001f2f37075a0, 0x000001f2f37c2060, 0x000001f2f3536610,
0x000001f2f3536b30, 0x000001f2f381cf30, 0x000001f2f382c620, 0x000001f2f3933710,
0x000001f2f3933bf0, 0x000001f2f889ea20, 0x000001f2f88b3710, 0x000001f2f8945f80,
0x000001f2f89464a0
}

Java Threads: ( => current thread )
  0x000001f2cddb0eb0 JavaThread "main" [_thread_in_Java, id=3056, stack(0x0000005c5d500000,0x0000005c5d600000)]
  0x000001f2f354ca30 JavaThread "Reference Handler" daemon [_thread_blocked, id=4172, stack(0x0000005c5dc00000,0x0000005c5dd00000)]
  0x000001f2f354d5f0 JavaThread "Finalizer" daemon [_thread_blocked, id=13920, stack(0x0000005c5dd00000,0x0000005c5de00000)]
  0x000001f2f36d2990 JavaThread "Signal Dispatcher" daemon [_thread_blocked, id=16524, stack(0x0000005c5de00000,0x0000005c5df00000)]
  0x000001f2f36d3460 JavaThread "Attach Listener" daemon [_thread_blocked, id=18736, stack(0x0000005c5df00000,0x0000005c5e000000)]
  0x000001f2f36d7e40 JavaThread "Service Thread" daemon [_thread_blocked, id=16652, stack(0x0000005c5e000000,0x0000005c5e100000)]
  0x000001f2f36d9810 JavaThread "Monitor Deflation Thread" daemon [_thread_blocked, id=16304, stack(0x0000005c5e100000,0x0000005c5e200000)]
  0x000001f2f36da7c0 JavaThread "C2 CompilerThread0" daemon [_thread_in_native, id=19200, stack(0x0000005c5e200000,0x0000005c5e300000)]
  0x000001f2f36e6b90 JavaThread "C1 CompilerThread0" daemon [_thread_blocked, id=14864, stack(0x0000005c5e300000,0x0000005c5e400000)]
  0x000001f2f37075a0 JavaThread "Sweeper thread" daemon [_thread_blocked, id=11516, stack(0x0000005c5e400000,0x0000005c5e500000)]
  0x000001f2f37c2060 JavaThread "Common-Cleaner" daemon [_thread_blocked, id=12468, stack(0x0000005c5e500000,0x0000005c5e600000)]
  0x000001f2f3536610 JavaThread "C1 CompilerThread1" daemon [_thread_blocked, id=7180, stack(0x0000005c5e600000,0x0000005c5e700000)]
  0x000001f2f3536b30 JavaThread "C1 CompilerThread2" daemon [_thread_blocked, id=12660, stack(0x0000005c5e700000,0x0000005c5e800000)]
  0x000001f2f381cf30 JavaThread "C1 CompilerThread3" daemon [_thread_blocked, id=11464, stack(0x0000005c5e800000,0x0000005c5e900000)]
  0x000001f2f382c620 JavaThread "C2 CompilerThread1" daemon [_thread_blocked, id=8920, stack(0x0000005c5e900000,0x0000005c5ea00000)]
  0x000001f2f3933710 JavaThread "Monitor Ctrl-Break" daemon [_thread_in_native, id=17312, stack(0x0000005c5ea00000,0x0000005c5eb00000)]
  0x000001f2f3933bf0 JavaThread "Notification Thread" daemon [_thread_blocked, id=6824, stack(0x0000005c5eb00000,0x0000005c5ec00000)]
  0x000001f2f889ea20 JavaThread "C2 CompilerThread2" daemon [_thread_blocked, id=17100, stack(0x0000005c5ed00000,0x0000005c5ee00000)]
  0x000001f2f88b3710 JavaThread "C2 CompilerThread3" daemon [_thread_blocked, id=2232, stack(0x0000005c5ee00000,0x0000005c5ef00000)]
  0x000001f2f8945f80 JavaThread "C2 CompilerThread4" daemon [_thread_blocked, id=10508, stack(0x0000005c5ef00000,0x0000005c5f000000)]
=>0x000001f2f89464a0 JavaThread "C2 CompilerThread5" daemon [_thread_in_native, id=11584, stack(0x0000005c5f000000,0x0000005c5f100000)]

Other Threads:
  0x000001f2f3548f90 VMThread "VM Thread" [stack: 0x0000005c5db00000,0x0000005c5dc00000] [id=6008]
  0x000001f2cde600c0 WatcherThread [stack: 0x0000005c5ec00000,0x0000005c5ed00000] [id=18932]
  0x000001f2cde1dd90 GCTaskThread "GC Thread#0" [stack: 0x0000005c5d600000,0x0000005c5d700000] [id=1008]
  0x000001f2f88b3c30 GCTaskThread "GC Thread#1" [stack: 0x0000005c5f200000,0x0000005c5f300000] [id=10424]
  0x000001f2f86b3780 GCTaskThread "GC Thread#2" [stack: 0x0000005c5f300000,0x0000005c5f400000] [id=14208]
  0x000001f2f879c980 GCTaskThread "GC Thread#3" [stack: 0x0000005c5f400000,0x0000005c5f500000] [id=9324]
  0x000001f2f8a828c0 GCTaskThread "GC Thread#4" [stack: 0x0000005c5f500000,0x0000005c5f600000] [id=8644]
  0x000001f2f8bdbb20 GCTaskThread "GC Thread#5" [stack: 0x0000005c5f600000,0x0000005c5f700000] [id=19316]
  0x000001f2f8bdc0a0 GCTaskThread "GC Thread#6" [stack: 0x0000005c5f700000,0x0000005c5f800000] [id=16960]
  0x000001f2f8bdbde0 GCTaskThread "GC Thread#7" [stack: 0x0000005c5f800000,0x0000005c5f900000] [id=11864]
  0x000001f2f8bdc620 GCTaskThread "GC Thread#8" [stack: 0x0000005c5f900000,0x0000005c5fa00000] [id=1236]
  0x000001f2f8bdc8e0 GCTaskThread "GC Thread#9" [stack: 0x0000005c5fa00000,0x0000005c5fb00000] [id=6396]
  0x000001f2cde2eae0 ConcurrentGCThread "G1 Main Marker" [stack: 0x0000005c5d700000,0x0000005c5d800000] [id=19396]
  0x000001f2cde2f4f0 ConcurrentGCThread "G1 Conc#0" [stack: 0x0000005c5d800000,0x0000005c5d900000] [id=16332]
  0x000001f2cde7e890 ConcurrentGCThread "G1 Refine#0" [stack: 0x0000005c5d900000,0x0000005c5da00000] [id=9956]
  0x000001f2f34044e0 ConcurrentGCThread "G1 Service" [stack: 0x0000005c5da00000,0x0000005c5db00000] [id=9692]

Threads with active compile tasks:
C2 CompilerThread0     1378 3678   !   4       java.util.zip.InflaterInputStream::read (138 bytes)
C2 CompilerThread5     1378 3631       4       org.codehaus.plexus.util.xml.pull.MXParser::parseAttribute (1429 bytes)

VM state: not at safepoint (normal execution)

VM Mutex/Monitor currently owned by a thread: None

Heap address: 0x0000000702000000, size: 4064 MB, Compressed Oops mode: Zero based, Oop shift amount: 3

CDS archive(s) mapped at: [0x000001f280000000-0x000001f280bd0000-0x000001f280bd0000), size 12386304, SharedBaseAddress: 0x000001f280000000, ArchiveRelocationMode: 1.
Compressed class space mapped at: 0x000001f281000000-0x000001f2c1000000, reserved size: 1073741824
Narrow klass base: 0x000001f280000000, Narrow klass shift: 0, Narrow klass range: 0x100000000

GC Precious Log:
 CPUs: 16 total, 16 available
 Memory: 16249M
 Large Page Support: Disabled
 NUMA Support: Disabled
 Compressed Oops: Enabled (Zero based)
 Heap Region Size: 2M
 Heap Min Capacity: 8M
 Heap Initial Capacity: 254M
 Heap Max Capacity: 4064M
 Pre-touch: Disabled
 Parallel Workers: 13
 Concurrent Workers: 3
 Concurrent Refinement Workers: 13
 Periodic GC: Disabled

Heap:
 garbage-first heap   total 260096K, used 62735K [0x0000000702000000, 0x0000000800000000)
  region size 2048K, 30 young (61440K), 1 survivors (2048K)
 Metaspace       used 16523K, committed 16768K, reserved 1114112K
  class space    used 1957K, committed 2048K, reserved 1048576K

Heap Regions: E=young(eden), S=young(survivor), O=old, HS=humongous(starts), HC=humongous(continues), CS=collection set, F=free, OA=open archive, CA=closed archive, TAMS=top-at-mark-start (previous, next)
|   0|0x0000000702000000, 0x0000000702200000, 0x0000000702200000|100%| O|  |TAMS 0x0000000702000000, 0x0000000702000000| Untracked 
|   1|0x0000000702200000, 0x000000070238d000, 0x0000000702400000| 77%| O|  |TAMS 0x0000000702200000, 0x0000000702200000| Untracked 
|   2|0x0000000702400000, 0x0000000702400000, 0x0000000702600000|  0%| F|  |TAMS 0x0000000702400000, 0x0000000702400000| Untracked 
|   3|0x0000000702600000, 0x0000000702600000, 0x0000000702800000|  0%| F|  |TAMS 0x0000000702600000, 0x0000000702600000| Untracked 
|   4|0x0000000702800000, 0x0000000702800000, 0x0000000702a00000|  0%| F|  |TAMS 0x0000000702800000, 0x0000000702800000| Untracked 
|   5|0x0000000702a00000, 0x0000000702a00000, 0x0000000702c00000|  0%| F|  |TAMS 0x0000000702a00000, 0x0000000702a00000| Untracked 
|   6|0x0000000702c00000, 0x0000000702c00000, 0x0000000702e00000|  0%| F|  |TAMS 0x0000000702c00000, 0x0000000702c00000| Untracked 
|   7|0x0000000702e00000, 0x0000000702e00000, 0x0000000703000000|  0%| F|  |TAMS 0x0000000702e00000, 0x0000000702e00000| Untracked 
|   8|0x0000000703000000, 0x0000000703000000, 0x0000000703200000|  0%| F|  |TAMS 0x0000000703000000, 0x0000000703000000| Untracked 
|   9|0x0000000703200000, 0x0000000703200000, 0x0000000703400000|  0%| F|  |TAMS 0x0000000703200000, 0x0000000703200000| Untracked 
|  10|0x0000000703400000, 0x0000000703400000, 0x0000000703600000|  0%| F|  |TAMS 0x0000000703400000, 0x0000000703400000| Untracked 
|  11|0x0000000703600000, 0x0000000703600000, 0x0000000703800000|  0%| F|  |TAMS 0x0000000703600000, 0x0000000703600000| Untracked 
|  12|0x0000000703800000, 0x0000000703800000, 0x0000000703a00000|  0%| F|  |TAMS 0x0000000703800000, 0x0000000703800000| Untracked 
|  13|0x0000000703a00000, 0x0000000703a00000, 0x0000000703c00000|  0%| F|  |TAMS 0x0000000703a00000, 0x0000000703a00000| Untracked 
|  14|0x0000000703c00000, 0x0000000703c00000, 0x0000000703e00000|  0%| F|  |TAMS 0x0000000703c00000, 0x0000000703c00000| Untracked 
|  15|0x0000000703e00000, 0x0000000703e00000, 0x0000000704000000|  0%| F|  |TAMS 0x0000000703e00000, 0x0000000703e00000| Untracked 
|  16|0x0000000704000000, 0x0000000704000000, 0x0000000704200000|  0%| F|  |TAMS 0x0000000704000000, 0x0000000704000000| Untracked 
|  17|0x0000000704200000, 0x0000000704200000, 0x0000000704400000|  0%| F|  |TAMS 0x0000000704200000, 0x0000000704200000| Untracked 
|  18|0x0000000704400000, 0x0000000704400000, 0x0000000704600000|  0%| F|  |TAMS 0x0000000704400000, 0x0000000704400000| Untracked 
|  19|0x0000000704600000, 0x0000000704600000, 0x0000000704800000|  0%| F|  |TAMS 0x0000000704600000, 0x0000000704600000| Untracked 
|  20|0x0000000704800000, 0x0000000704800000, 0x0000000704a00000|  0%| F|  |TAMS 0x0000000704800000, 0x0000000704800000| Untracked 
|  21|0x0000000704a00000, 0x0000000704a00000, 0x0000000704c00000|  0%| F|  |TAMS 0x0000000704a00000, 0x0000000704a00000| Untracked 
|  22|0x0000000704c00000, 0x0000000704c00000, 0x0000000704e00000|  0%| F|  |TAMS 0x0000000704c00000, 0x0000000704c00000| Untracked 
|  23|0x0000000704e00000, 0x0000000704e00000, 0x0000000705000000|  0%| F|  |TAMS 0x0000000704e00000, 0x0000000704e00000| Untracked 
|  24|0x0000000705000000, 0x0000000705000000, 0x0000000705200000|  0%| F|  |TAMS 0x0000000705000000, 0x0000000705000000| Untracked 
|  25|0x0000000705200000, 0x0000000705200000, 0x0000000705400000|  0%| F|  |TAMS 0x0000000705200000, 0x0000000705200000| Untracked 
|  26|0x0000000705400000, 0x0000000705400000, 0x0000000705600000|  0%| F|  |TAMS 0x0000000705400000, 0x0000000705400000| Untracked 
|  27|0x0000000705600000, 0x0000000705600000, 0x0000000705800000|  0%| F|  |TAMS 0x0000000705600000, 0x0000000705600000| Untracked 
|  28|0x0000000705800000, 0x0000000705800000, 0x0000000705a00000|  0%| F|  |TAMS 0x0000000705800000, 0x0000000705800000| Untracked 
|  29|0x0000000705a00000, 0x0000000705a00000, 0x0000000705c00000|  0%| F|  |TAMS 0x0000000705a00000, 0x0000000705a00000| Untracked 
|  30|0x0000000705c00000, 0x0000000705c00000, 0x0000000705e00000|  0%| F|  |TAMS 0x0000000705c00000, 0x0000000705c00000| Untracked 
|  31|0x0000000705e00000, 0x0000000705e00000, 0x0000000706000000|  0%| F|  |TAMS 0x0000000705e00000, 0x0000000705e00000| Untracked 
|  32|0x0000000706000000, 0x0000000706000000, 0x0000000706200000|  0%| F|  |TAMS 0x0000000706000000, 0x0000000706000000| Untracked 
|  33|0x0000000706200000, 0x0000000706200000, 0x0000000706400000|  0%| F|  |TAMS 0x0000000706200000, 0x0000000706200000| Untracked 
|  34|0x0000000706400000, 0x0000000706400000, 0x0000000706600000|  0%| F|  |TAMS 0x0000000706400000, 0x0000000706400000| Untracked 
|  35|0x0000000706600000, 0x0000000706600000, 0x0000000706800000|  0%| F|  |TAMS 0x0000000706600000, 0x0000000706600000| Untracked 
|  36|0x0000000706800000, 0x0000000706800000, 0x0000000706a00000|  0%| F|  |TAMS 0x0000000706800000, 0x0000000706800000| Untracked 
|  37|0x0000000706a00000, 0x0000000706a00000, 0x0000000706c00000|  0%| F|  |TAMS 0x0000000706a00000, 0x0000000706a00000| Untracked 
|  38|0x0000000706c00000, 0x0000000706c00000, 0x0000000706e00000|  0%| F|  |TAMS 0x0000000706c00000, 0x0000000706c00000| Untracked 
|  39|0x0000000706e00000, 0x0000000706e00000, 0x0000000707000000|  0%| F|  |TAMS 0x0000000706e00000, 0x0000000706e00000| Untracked 
|  40|0x0000000707000000, 0x0000000707000000, 0x0000000707200000|  0%| F|  |TAMS 0x0000000707000000, 0x0000000707000000| Untracked 
|  41|0x0000000707200000, 0x0000000707200000, 0x0000000707400000|  0%| F|  |TAMS 0x0000000707200000, 0x0000000707200000| Untracked 
|  42|0x0000000707400000, 0x0000000707400000, 0x0000000707600000|  0%| F|  |TAMS 0x0000000707400000, 0x0000000707400000| Untracked 
|  43|0x0000000707600000, 0x0000000707600000, 0x0000000707800000|  0%| F|  |TAMS 0x0000000707600000, 0x0000000707600000| Untracked 
|  44|0x0000000707800000, 0x0000000707800000, 0x0000000707a00000|  0%| F|  |TAMS 0x0000000707800000, 0x0000000707800000| Untracked 
|  45|0x0000000707a00000, 0x0000000707a00000, 0x0000000707c00000|  0%| F|  |TAMS 0x0000000707a00000, 0x0000000707a00000| Untracked 
|  46|0x0000000707c00000, 0x0000000707c00000, 0x0000000707e00000|  0%| F|  |TAMS 0x0000000707c00000, 0x0000000707c00000| Untracked 
|  47|0x0000000707e00000, 0x0000000707e00000, 0x0000000708000000|  0%| F|  |TAMS 0x0000000707e00000, 0x0000000707e00000| Untracked 
|  48|0x0000000708000000, 0x0000000708000000, 0x0000000708200000|  0%| F|  |TAMS 0x0000000708000000, 0x0000000708000000| Untracked 
|  49|0x0000000708200000, 0x0000000708200000, 0x0000000708400000|  0%| F|  |TAMS 0x0000000708200000, 0x0000000708200000| Untracked 
|  50|0x0000000708400000, 0x0000000708400000, 0x0000000708600000|  0%| F|  |TAMS 0x0000000708400000, 0x0000000708400000| Untracked 
|  51|0x0000000708600000, 0x0000000708600000, 0x0000000708800000|  0%| F|  |TAMS 0x0000000708600000, 0x0000000708600000| Untracked 
|  52|0x0000000708800000, 0x0000000708800000, 0x0000000708a00000|  0%| F|  |TAMS 0x0000000708800000, 0x0000000708800000| Untracked 
|  53|0x0000000708a00000, 0x0000000708a00000, 0x0000000708c00000|  0%| F|  |TAMS 0x0000000708a00000, 0x0000000708a00000| Untracked 
|  54|0x0000000708c00000, 0x0000000708c00000, 0x0000000708e00000|  0%| F|  |TAMS 0x0000000708c00000, 0x0000000708c00000| Untracked 
|  55|0x0000000708e00000, 0x0000000708e00000, 0x0000000709000000|  0%| F|  |TAMS 0x0000000708e00000, 0x0000000708e00000| Untracked 
|  56|0x0000000709000000, 0x0000000709000000, 0x0000000709200000|  0%| F|  |TAMS 0x0000000709000000, 0x0000000709000000| Untracked 
|  57|0x0000000709200000, 0x0000000709200000, 0x0000000709400000|  0%| F|  |TAMS 0x0000000709200000, 0x0000000709200000| Untracked 
|  58|0x0000000709400000, 0x0000000709400000, 0x0000000709600000|  0%| F|  |TAMS 0x0000000709400000, 0x0000000709400000| Untracked 
|  59|0x0000000709600000, 0x0000000709600000, 0x0000000709800000|  0%| F|  |TAMS 0x0000000709600000, 0x0000000709600000| Untracked 
|  60|0x0000000709800000, 0x0000000709800000, 0x0000000709a00000|  0%| F|  |TAMS 0x0000000709800000, 0x0000000709800000| Untracked 
|  61|0x0000000709a00000, 0x0000000709a00000, 0x0000000709c00000|  0%| F|  |TAMS 0x0000000709a00000, 0x0000000709a00000| Untracked 
|  62|0x0000000709c00000, 0x0000000709c00000, 0x0000000709e00000|  0%| F|  |TAMS 0x0000000709c00000, 0x0000000709c00000| Untracked 
|  63|0x0000000709e00000, 0x0000000709e00000, 0x000000070a000000|  0%| F|  |TAMS 0x0000000709e00000, 0x0000000709e00000| Untracked 
|  64|0x000000070a000000, 0x000000070a000000, 0x000000070a200000|  0%| F|  |TAMS 0x000000070a000000, 0x000000070a000000| Untracked 
|  65|0x000000070a200000, 0x000000070a200000, 0x000000070a400000|  0%| F|  |TAMS 0x000000070a200000, 0x000000070a200000| Untracked 
|  66|0x000000070a400000, 0x000000070a400000, 0x000000070a600000|  0%| F|  |TAMS 0x000000070a400000, 0x000000070a400000| Untracked 
|  67|0x000000070a600000, 0x000000070a600000, 0x000000070a800000|  0%| F|  |TAMS 0x000000070a600000, 0x000000070a600000| Untracked 
|  68|0x000000070a800000, 0x000000070a800000, 0x000000070aa00000|  0%| F|  |TAMS 0x000000070a800000, 0x000000070a800000| Untracked 
|  69|0x000000070aa00000, 0x000000070aa00000, 0x000000070ac00000|  0%| F|  |TAMS 0x000000070aa00000, 0x000000070aa00000| Untracked 
|  70|0x000000070ac00000, 0x000000070ac00000, 0x000000070ae00000|  0%| F|  |TAMS 0x000000070ac00000, 0x000000070ac00000| Untracked 
|  71|0x000000070ae00000, 0x000000070ae00000, 0x000000070b000000|  0%| F|  |TAMS 0x000000070ae00000, 0x000000070ae00000| Untracked 
|  72|0x000000070b000000, 0x000000070b000000, 0x000000070b200000|  0%| F|  |TAMS 0x000000070b000000, 0x000000070b000000| Untracked 
|  73|0x000000070b200000, 0x000000070b200000, 0x000000070b400000|  0%| F|  |TAMS 0x000000070b200000, 0x000000070b200000| Untracked 
|  74|0x000000070b400000, 0x000000070b400000, 0x000000070b600000|  0%| F|  |TAMS 0x000000070b400000, 0x000000070b400000| Untracked 
|  75|0x000000070b600000, 0x000000070b600000, 0x000000070b800000|  0%| F|  |TAMS 0x000000070b600000, 0x000000070b600000| Untracked 
|  76|0x000000070b800000, 0x000000070b800000, 0x000000070ba00000|  0%| F|  |TAMS 0x000000070b800000, 0x000000070b800000| Untracked 
|  77|0x000000070ba00000, 0x000000070ba00000, 0x000000070bc00000|  0%| F|  |TAMS 0x000000070ba00000, 0x000000070ba00000| Untracked 
|  78|0x000000070bc00000, 0x000000070bc00000, 0x000000070be00000|  0%| F|  |TAMS 0x000000070bc00000, 0x000000070bc00000| Untracked 
|  79|0x000000070be00000, 0x000000070be00000, 0x000000070c000000|  0%| F|  |TAMS 0x000000070be00000, 0x000000070be00000| Untracked 
|  80|0x000000070c000000, 0x000000070c000000, 0x000000070c200000|  0%| F|  |TAMS 0x000000070c000000, 0x000000070c000000| Untracked 
|  81|0x000000070c200000, 0x000000070c200000, 0x000000070c400000|  0%| F|  |TAMS 0x000000070c200000, 0x000000070c200000| Untracked 
|  82|0x000000070c400000, 0x000000070c400000, 0x000000070c600000|  0%| F|  |TAMS 0x000000070c400000, 0x000000070c400000| Untracked 
|  83|0x000000070c600000, 0x000000070c600000, 0x000000070c800000|  0%| F|  |TAMS 0x000000070c600000, 0x000000070c600000| Untracked 
|  84|0x000000070c800000, 0x000000070c800000, 0x000000070ca00000|  0%| F|  |TAMS 0x000000070c800000, 0x000000070c800000| Untracked 
|  85|0x000000070ca00000, 0x000000070ca00000, 0x000000070cc00000|  0%| F|  |TAMS 0x000000070ca00000, 0x000000070ca00000| Untracked 
|  86|0x000000070cc00000, 0x000000070cc00000, 0x000000070ce00000|  0%| F|  |TAMS 0x000000070cc00000, 0x000000070cc00000| Untracked 
|  87|0x000000070ce00000, 0x000000070ce00000, 0x000000070d000000|  0%| F|  |TAMS 0x000000070ce00000, 0x000000070ce00000| Untracked 
|  88|0x000000070d000000, 0x000000070d000000, 0x000000070d200000|  0%| F|  |TAMS 0x000000070d000000, 0x000000070d000000| Untracked 
|  89|0x000000070d200000, 0x000000070d200000, 0x000000070d400000|  0%| F|  |TAMS 0x000000070d200000, 0x000000070d200000| Untracked 
|  90|0x000000070d400000, 0x000000070d400000, 0x000000070d600000|  0%| F|  |TAMS 0x000000070d400000, 0x000000070d400000| Untracked 
|  91|0x000000070d600000, 0x000000070d600000, 0x000000070d800000|  0%| F|  |TAMS 0x000000070d600000, 0x000000070d600000| Untracked 
|  92|0x000000070d800000, 0x000000070d800000, 0x000000070da00000|  0%| F|  |TAMS 0x000000070d800000, 0x000000070d800000| Untracked 
|  93|0x000000070da00000, 0x000000070da00000, 0x000000070dc00000|  0%| F|  |TAMS 0x000000070da00000, 0x000000070da00000| Untracked 
|  94|0x000000070dc00000, 0x000000070dc00000, 0x000000070de00000|  0%| F|  |TAMS 0x000000070dc00000, 0x000000070dc00000| Untracked 
|  95|0x000000070de00000, 0x000000070de00000, 0x000000070e000000|  0%| F|  |TAMS 0x000000070de00000, 0x000000070de00000| Untracked 
|  96|0x000000070e000000, 0x000000070e000000, 0x000000070e200000|  0%| F|  |TAMS 0x000000070e000000, 0x000000070e000000| Untracked 
|  97|0x000000070e200000, 0x000000070e300800, 0x000000070e400000| 50%| E|  |TAMS 0x000000070e200000, 0x000000070e200000| Complete 
|  98|0x000000070e400000, 0x000000070e600000, 0x000000070e600000|100%| E|CS|TAMS 0x000000070e400000, 0x000000070e400000| Complete 
|  99|0x000000070e600000, 0x000000070e800000, 0x000000070e800000|100%| E|CS|TAMS 0x000000070e600000, 0x000000070e600000| Complete 
| 100|0x000000070e800000, 0x000000070ea00000, 0x000000070ea00000|100%| E|CS|TAMS 0x000000070e800000, 0x000000070e800000| Complete 
| 101|0x000000070ea00000, 0x000000070ec00000, 0x000000070ec00000|100%| E|CS|TAMS 0x000000070ea00000, 0x000000070ea00000| Complete 
| 102|0x000000070ec00000, 0x000000070ee00000, 0x000000070ee00000|100%| E|CS|TAMS 0x000000070ec00000, 0x000000070ec00000| Complete 
| 103|0x000000070ee00000, 0x000000070f000000, 0x000000070f000000|100%| E|CS|TAMS 0x000000070ee00000, 0x000000070ee00000| Complete 
| 104|0x000000070f000000, 0x000000070f200000, 0x000000070f200000|100%| E|CS|TAMS 0x000000070f000000, 0x000000070f000000| Complete 
| 105|0x000000070f200000, 0x000000070f400000, 0x000000070f400000|100%| E|CS|TAMS 0x000000070f200000, 0x000000070f200000| Complete 
| 106|0x000000070f400000, 0x000000070f600000, 0x000000070f600000|100%| E|CS|TAMS 0x000000070f400000, 0x000000070f400000| Complete 
| 107|0x000000070f600000, 0x000000070f800000, 0x000000070f800000|100%| E|CS|TAMS 0x000000070f600000, 0x000000070f600000| Complete 
| 108|0x000000070f800000, 0x000000070fa00000, 0x000000070fa00000|100%| E|CS|TAMS 0x000000070f800000, 0x000000070f800000| Complete 
| 109|0x000000070fa00000, 0x000000070fbb6d70, 0x000000070fc00000| 85%| S|CS|TAMS 0x000000070fa00000, 0x000000070fa00000| Complete 
| 110|0x000000070fc00000, 0x000000070fe00000, 0x000000070fe00000|100%| E|CS|TAMS 0x000000070fc00000, 0x000000070fc00000| Complete 
| 111|0x000000070fe00000, 0x0000000710000000, 0x0000000710000000|100%| E|CS|TAMS 0x000000070fe00000, 0x000000070fe00000| Complete 
| 112|0x0000000710000000, 0x0000000710200000, 0x0000000710200000|100%| E|CS|TAMS 0x0000000710000000, 0x0000000710000000| Complete 
| 113|0x0000000710200000, 0x0000000710400000, 0x0000000710400000|100%| E|CS|TAMS 0x0000000710200000, 0x0000000710200000| Complete 
| 114|0x0000000710400000, 0x0000000710600000, 0x0000000710600000|100%| E|CS|TAMS 0x0000000710400000, 0x0000000710400000| Complete 
| 115|0x0000000710600000, 0x0000000710800000, 0x0000000710800000|100%| E|CS|TAMS 0x0000000710600000, 0x0000000710600000| Complete 
| 116|0x0000000710800000, 0x0000000710a00000, 0x0000000710a00000|100%| E|CS|TAMS 0x0000000710800000, 0x0000000710800000| Complete 
| 117|0x0000000710a00000, 0x0000000710c00000, 0x0000000710c00000|100%| E|CS|TAMS 0x0000000710a00000, 0x0000000710a00000| Complete 
| 118|0x0000000710c00000, 0x0000000710e00000, 0x0000000710e00000|100%| E|CS|TAMS 0x0000000710c00000, 0x0000000710c00000| Complete 
| 119|0x0000000710e00000, 0x0000000711000000, 0x0000000711000000|100%| E|CS|TAMS 0x0000000710e00000, 0x0000000710e00000| Complete 
| 120|0x0000000711000000, 0x0000000711200000, 0x0000000711200000|100%| E|CS|TAMS 0x0000000711000000, 0x0000000711000000| Complete 
| 121|0x0000000711200000, 0x0000000711400000, 0x0000000711400000|100%| E|CS|TAMS 0x0000000711200000, 0x0000000711200000| Complete 
| 122|0x0000000711400000, 0x0000000711600000, 0x0000000711600000|100%| E|CS|TAMS 0x0000000711400000, 0x0000000711400000| Complete 
| 123|0x0000000711600000, 0x0000000711800000, 0x0000000711800000|100%| E|CS|TAMS 0x0000000711600000, 0x0000000711600000| Complete 
| 124|0x0000000711800000, 0x0000000711a00000, 0x0000000711a00000|100%| E|CS|TAMS 0x0000000711800000, 0x0000000711800000| Complete 
| 125|0x0000000711a00000, 0x0000000711c00000, 0x0000000711c00000|100%| E|CS|TAMS 0x0000000711a00000, 0x0000000711a00000| Complete 
| 126|0x0000000711c00000, 0x0000000711e00000, 0x0000000711e00000|100%| E|CS|TAMS 0x0000000711c00000, 0x0000000711c00000| Complete 

Card table byte_map: [0x000001f2e75e0000,0x000001f2e7dd0000] _byte_map_base: 0x000001f2e3dd0000

Marking Bits (Prev, Next): (CMBitMap*) 0x000001f2cde1e3b0, (CMBitMap*) 0x000001f2cde1e3f0
 Prev Bits: [0x000001f2e85c0000, 0x000001f2ec540000)
 Next Bits: [0x000001f2ec540000, 0x000001f2f04c0000)

Polling page: 0x000001f2d6e10000

Metaspace:

Usage:
  Non-class:     14.25 MB used.
      Class:      1.92 MB used.
       Both:     16.17 MB used.

Virtual space:
  Non-class space:       64.00 MB reserved,      14.38 MB ( 22%) committed,  1 nodes.
      Class space:        1.00 GB reserved,       2.00 MB ( <1%) committed,  1 nodes.
             Both:        1.06 GB reserved,      16.38 MB (  2%) committed. 

Chunk freelists:
   Non-Class:  1.58 MB
       Class:  13.95 MB
        Both:  15.53 MB

MaxMetaspaceSize: unlimited
CompressedClassSpaceSize: 1.00 GB
Initial GC threshold: 21.00 MB
Current GC threshold: 21.00 MB
CDS: on
MetaspaceReclaimPolicy: balanced
 - commit_granule_bytes: 65536.
 - commit_granule_words: 8192.
 - virtual_space_node_default_size: 8388608.
 - enlarge_chunks_in_place: 1.
 - new_chunks_are_fully_committed: 0.
 - uncommit_free_chunks: 1.
 - use_allocation_guard: 0.
 - handle_deallocations: 1.


Internal statistics:

num_allocs_failed_limit: 0.
num_arena_births: 98.
num_arena_deaths: 0.
num_vsnodes_births: 2.
num_vsnodes_deaths: 0.
num_space_committed: 262.
num_space_uncommitted: 0.
num_chunks_returned_to_freelist: 0.
num_chunks_taken_from_freelist: 669.
num_chunk_merges: 0.
num_chunk_splits: 455.
num_chunks_enlarged: 360.
num_inconsistent_stats: 0.

CodeHeap 'non-profiled nmethods': size=119168Kb used=1706Kb max_used=1706Kb free=117461Kb
 bounds [0x000001f2de9d0000, 0x000001f2dec40000, 0x000001f2e5e30000]
CodeHeap 'profiled nmethods': size=119104Kb used=7744Kb max_used=7744Kb free=111359Kb
 bounds [0x000001f2d6e30000, 0x000001f2d75d0000, 0x000001f2de280000]
CodeHeap 'non-nmethods': size=7488Kb used=2888Kb max_used=2922Kb free=4599Kb
 bounds [0x000001f2de280000, 0x000001f2de570000, 0x000001f2de9d0000]
 total_blobs=4232 nmethods=3745 adapters=395
 compilation: enabled
              stopped_count=0, restarted_count=0
 full_count=0

Compilation events (20 events):
Event: 1.349 Thread 0x000001f2f889ea20 nmethod 3685 0x000001f2deb70b90 code [0x000001f2deb70d40, 0x000001f2deb71028]
Event: 1.351 Thread 0x000001f2f3536610 3687       3       org.eclipse.sisu.plexus.PlexusTypeVisitor::visitAnnotation (24 bytes)
Event: 1.351 Thread 0x000001f2f36e6b90 3688       3       org.eclipse.sisu.space.QualifiedTypeVisitor::visitAnnotation (40 bytes)
Event: 1.351 Thread 0x000001f2f3536610 nmethod 3687 0x000001f2d7594790 code [0x000001f2d7594940, 0x000001f2d7594b58]
Event: 1.351 Thread 0x000001f2f36e6b90 nmethod 3688 0x000001f2d7594c90 code [0x000001f2d7594e40, 0x000001f2d75950a8]
Event: 1.353 Thread 0x000001f2f3536610 3689       3       com.google.inject.internal.BindingBuilder::to (43 bytes)
Event: 1.353 Thread 0x000001f2f36e6b90 3690       3       com.google.inject.internal.LinkedBindingImpl::<init> (14 bytes)
Event: 1.353 Thread 0x000001f2f36e6b90 nmethod 3690 0x000001f2d7595190 code [0x000001f2d7595340, 0x000001f2d75956f8]
Event: 1.353 Thread 0x000001f2f3536610 nmethod 3689 0x000001f2d7595810 code [0x000001f2d7595a60, 0x000001f2d7596908]
Event: 1.354 Thread 0x000001f2f36e6b90 3691       3       org.eclipse.sisu.inject.Guice4::getProviderInstance (22 bytes)
Event: 1.354 Thread 0x000001f2f36e6b90 nmethod 3691 0x000001f2d7596d10 code [0x000001f2d7596ea0, 0x000001f2d7597098]
Event: 1.356 Thread 0x000001f2f3536610 3692       3       java.lang.reflect.Executable::getGenericParameterTypes (20 bytes)
Event: 1.357 Thread 0x000001f2f3536610 nmethod 3692 0x000001f2d7597190 code [0x000001f2d75973a0, 0x000001f2d7597ae8]
Event: 1.357 Thread 0x000001f2f381cf30 3693       3       sun.reflect.generics.reflectiveObjects.TypeVariableImpl::getGenericDeclaration (71 bytes)
Event: 1.357 Thread 0x000001f2f3536610 3694       3       com.google.inject.internal.Scoping$1::applyTo (1 bytes)
Event: 1.357 Thread 0x000001f2f382c620 3695       4       java.lang.Class::getReflectionFactory (26 bytes)
Event: 1.357 Thread 0x000001f2f3536610 nmethod 3694 0x000001f2d7597c90 code [0x000001f2d7597e20, 0x000001f2d7597f38]
Event: 1.358 Thread 0x000001f2f382c620 nmethod 3695 0x000001f2deb71410 code [0x000001f2deb71580, 0x000001f2deb715f8]
Event: 1.358 Thread 0x000001f2f381cf30 nmethod 3693 0x000001f2d7598010 code [0x000001f2d7598340, 0x000001f2d7599a18]
Event: 1.361 Thread 0x000001f2f381cf30 3696       3       com.google.inject.spi.InjectionPoint::hierarchyFor (44 bytes)

GC Heap History (4 events):
Event: 0.319 GC heap before
{Heap before GC invocations=0 (full 0):
 garbage-first heap   total 260096K, used 22528K [0x0000000702000000, 0x0000000800000000)
  region size 2048K, 11 young (22528K), 0 survivors (0K)
 Metaspace       used 5776K, committed 5952K, reserved 1114112K
  class space    used 677K, committed 768K, reserved 1048576K
}
Event: 0.322 GC heap after
{Heap after GC invocations=1 (full 0):
 garbage-first heap   total 260096K, used 4046K [0x0000000702000000, 0x0000000800000000)
  region size 2048K, 2 young (4096K), 2 survivors (4096K)
 Metaspace       used 5776K, committed 5952K, reserved 1114112K
  class space    used 677K, committed 768K, reserved 1048576K
}
Event: 0.617 GC heap before
{Heap before GC invocations=1 (full 0):
 garbage-first heap   total 260096K, used 34766K [0x0000000702000000, 0x0000000800000000)
  region size 2048K, 17 young (34816K), 2 survivors (4096K)
 Metaspace       used 9407K, committed 9664K, reserved 1114112K
  class space    used 1136K, committed 1280K, reserved 1048576K
}
Event: 0.620 GC heap after
{Heap after GC invocations=2 (full 0):
 garbage-first heap   total 260096K, used 5391K [0x0000000702000000, 0x0000000800000000)
  region size 2048K, 1 young (2048K), 1 survivors (2048K)
 Metaspace       used 9407K, committed 9664K, reserved 1114112K
  class space    used 1136K, committed 1280K, reserved 1048576K
}

Deoptimization events (20 events):
Event: 1.341 Thread 0x000001f2cddb0eb0 Uncommon trap: trap_request=0xffffff45 fr.pc=0x000001f2dea50bb0 relative=0x0000000000000e10
Event: 1.341 Thread 0x000001f2cddb0eb0 Uncommon trap: reason=unstable_if action=reinterpret pc=0x000001f2dea50bb0 method=sun.nio.cs.StreamDecoder.read0()I @ 39 c2
Event: 1.341 Thread 0x000001f2cddb0eb0 DEOPT PACKING pc=0x000001f2dea50bb0 sp=0x0000005c5d5fcab0
Event: 1.341 Thread 0x000001f2cddb0eb0 DEOPT UNPACKING pc=0x000001f2de2d5ba3 sp=0x0000005c5d5fcb08 mode 2
Event: 1.354 Thread 0x000001f2cddb0eb0 Uncommon trap: trap_request=0xffffffde fr.pc=0x000001f2deae4f94 relative=0x0000000000000074
Event: 1.354 Thread 0x000001f2cddb0eb0 Uncommon trap: reason=class_check action=maybe_recompile pc=0x000001f2deae4f94 method=com.google.inject.internal.LinkedBindingImpl.acceptTargetVisitor(Lcom/google/inject/spi/BindingTargetVisitor;)Ljava/lang/Object; @ 2 c2
Event: 1.354 Thread 0x000001f2cddb0eb0 DEOPT PACKING pc=0x000001f2deae4f94 sp=0x0000005c5d5fd460
Event: 1.354 Thread 0x000001f2cddb0eb0 DEOPT UNPACKING pc=0x000001f2de2d5ba3 sp=0x0000005c5d5fd3e8 mode 2
Event: 1.354 Thread 0x000001f2cddb0eb0 Uncommon trap: trap_request=0xffffffde fr.pc=0x000001f2deae4f94 relative=0x0000000000000074
Event: 1.354 Thread 0x000001f2cddb0eb0 Uncommon trap: reason=class_check action=maybe_recompile pc=0x000001f2deae4f94 method=com.google.inject.internal.LinkedBindingImpl.acceptTargetVisitor(Lcom/google/inject/spi/BindingTargetVisitor;)Ljava/lang/Object; @ 2 c2
Event: 1.354 Thread 0x000001f2cddb0eb0 DEOPT PACKING pc=0x000001f2deae4f94 sp=0x0000005c5d5fd460
Event: 1.354 Thread 0x000001f2cddb0eb0 DEOPT UNPACKING pc=0x000001f2de2d5ba3 sp=0x0000005c5d5fd3e8 mode 2
Event: 1.360 Thread 0x000001f2cddb0eb0 Uncommon trap: trap_request=0xffffffde fr.pc=0x000001f2deae4f94 relative=0x0000000000000074
Event: 1.360 Thread 0x000001f2cddb0eb0 Uncommon trap: reason=class_check action=maybe_recompile pc=0x000001f2deae4f94 method=com.google.inject.internal.LinkedBindingImpl.acceptTargetVisitor(Lcom/google/inject/spi/BindingTargetVisitor;)Ljava/lang/Object; @ 2 c2
Event: 1.360 Thread 0x000001f2cddb0eb0 DEOPT PACKING pc=0x000001f2deae4f94 sp=0x0000005c5d5fd460
Event: 1.360 Thread 0x000001f2cddb0eb0 DEOPT UNPACKING pc=0x000001f2de2d5ba3 sp=0x0000005c5d5fd3e8 mode 2
Event: 1.360 Thread 0x000001f2cddb0eb0 Uncommon trap: trap_request=0xffffffde fr.pc=0x000001f2deae4f94 relative=0x0000000000000074
Event: 1.360 Thread 0x000001f2cddb0eb0 Uncommon trap: reason=class_check action=maybe_recompile pc=0x000001f2deae4f94 method=com.google.inject.internal.LinkedBindingImpl.acceptTargetVisitor(Lcom/google/inject/spi/BindingTargetVisitor;)Ljava/lang/Object; @ 2 c2
Event: 1.360 Thread 0x000001f2cddb0eb0 DEOPT PACKING pc=0x000001f2deae4f94 sp=0x0000005c5d5fd460
Event: 1.360 Thread 0x000001f2cddb0eb0 DEOPT UNPACKING pc=0x000001f2de2d5ba3 sp=0x0000005c5d5fd3e8 mode 2

Classes unloaded (0 events):
No events

Classes redefined (0 events):
No events

Internal exceptions (20 events):
Event: 0.253 Thread 0x000001f2cddb0eb0 Exception <a 'java/lang/NoSuchMethodError'{0x0000000710c41180}: 'java.lang.Object java.lang.invoke.DirectMethodHandle$Holder.invokeInterface(java.lang.Object, java.lang.Object)'> (0x0000000710c41180) 
thrown [s\open\src\hotspot\share\interpreter\linkResolver.cpp, line 759]
Event: 0.261 Thread 0x000001f2cddb0eb0 Exception <a 'java/lang/NoSuchMethodError'{0x0000000710cefe90}: 'java.lang.Object java.lang.invoke.Invokers$Holder.invokeExact_MT(java.lang.Object, java.lang.Object, java.lang.Object, java.lang.Object, java.lang.Object, java.lang.Object)'> (0x0000000710cefe90) 
thrown [s\open\src\hotspot\share\interpreter\linkResolver.cpp, line 759]
Event: 0.262 Thread 0x000001f2cddb0eb0 Exception <a 'java/lang/NoSuchMethodError'{0x0000000710d01310}: 'int java.lang.invoke.DirectMethodHandle$Holder.invokeSpecialIFC(java.lang.Object, java.lang.Object, java.lang.Object, java.lang.Object, java.lang.Object)'> (0x0000000710d01310) 
thrown [s\open\src\hotspot\share\interpreter\linkResolver.cpp, line 759]
Event: 0.286 Thread 0x000001f2cddb0eb0 Exception <a 'java/lang/NoSuchMethodError'{0x0000000710ab9e80}: 'java.lang.Object java.lang.invoke.DirectMethodHandle$Holder.newInvokeSpecial(java.lang.Object, java.lang.Object, java.lang.Object, java.lang.Object, java.lang.Object)'> (0x0000000710ab9e80) 
thrown [s\open\src\hotspot\share\interpreter\linkResolver.cpp, line 759]
Event: 0.300 Thread 0x000001f2cddb0eb0 Exception <a 'java/lang/NoSuchMethodError'{0x0000000710bc66b0}: 'int java.lang.invoke.DirectMethodHandle$Holder.invokeStaticInit(java.lang.Object, java.lang.Object)'> (0x0000000710bc66b0) 
thrown [s\open\src\hotspot\share\interpreter\linkResolver.cpp, line 759]
Event: 0.304 Thread 0x000001f2cddb0eb0 Exception <a 'java/lang/NoClassDefFoundError'{0x00000007108012e8}: javax/enterprise/inject/Typed> (0x00000007108012e8) 
thrown [s\open\src\hotspot\share\classfile\systemDictionary.cpp, line 245]
Event: 0.695 Thread 0x000001f2cddb0eb0 Exception <a 'java/lang/NoSuchMethodError'{0x000000071149a5d8}: 'void java.lang.invoke.DirectMethodHandle$Holder.invokeStaticInit(java.lang.Object, java.lang.Object, java.lang.Object)'> (0x000000071149a5d8) 
thrown [s\open\src\hotspot\share\interpreter\linkResolver.cpp, line 759]
Event: 0.698 Thread 0x000001f2cddb0eb0 Exception <a 'java/lang/ExceptionInInitializerError'{0x00000007114c6ba0}> (0x00000007114c6ba0) 
thrown [s\open\src\hotspot\share\oops\instanceKlass.cpp, line 1216]
Event: 0.712 Thread 0x000001f2cddb0eb0 Implicit null exception at 0x000001f2dea5d4af to 0x000001f2dea5d610
Event: 0.713 Thread 0x000001f2cddb0eb0 Exception <a 'java/lang/NoSuchMethodError'{0x00000007112d7f88}: 'java.lang.Object java.lang.invoke.Invokers$Holder.invokeExact_MT(java.lang.Object, int, java.lang.Object)'> (0x00000007112d7f88) 
thrown [s\open\src\hotspot\share\interpreter\linkResolver.cpp, line 759]
Event: 0.719 Thread 0x000001f2cddb0eb0 Exception <a 'java/lang/NoSuchMethodError'{0x0000000711341530}: 'int java.lang.invoke.DirectMethodHandle$Holder.invokeSpecial(java.lang.Object, java.lang.Object, java.lang.Object, java.lang.Object)'> (0x0000000711341530) 
thrown [s\open\src\hotspot\share\interpreter\linkResolver.cpp, line 759]
Event: 0.831 Thread 0x000001f2cddb0eb0 Exception <a 'java/lang/NoClassDefFoundError'{0x0000000710b8a860}: com/google/inject/servlet/ServletModuleTargetVisitor> (0x0000000710b8a860) 
thrown [s\open\src\hotspot\share\classfile\systemDictionary.cpp, line 245]
Event: 0.863 Thread 0x000001f2cddb0eb0 Exception <a 'java/lang/NoSuchMethodError'{0x000000071060e8a8}: 'void java.lang.invoke.DirectMethodHandle$Holder.invokeVirtual(java.lang.Object, java.lang.Object)'> (0x000000071060e8a8) 
thrown [s\open\src\hotspot\share\interpreter\linkResolver.cpp, line 759]
Event: 0.873 Thread 0x000001f2cddb0eb0 Exception <a 'java/lang/NoSuchMethodError'{0x0000000710696dd8}: 'java.lang.Object java.lang.invoke.DirectMethodHandle$Holder.invokeStaticInit(java.lang.Object, int, int, int, int)'> (0x0000000710696dd8) 
thrown [s\open\src\hotspot\share\interpreter\linkResolver.cpp, line 759]
Event: 1.074 Thread 0x000001f2cddb0eb0 Implicit null exception at 0x000001f2dea02258 to 0x000001f2dea022ee
Event: 1.079 Thread 0x000001f2cddb0eb0 Implicit null exception at 0x000001f2dea9d78f to 0x000001f2dea9d809
Event: 1.141 Thread 0x000001f2cddb0eb0 Implicit null exception at 0x000001f2deafc0ef to 0x000001f2deafc2e8
Event: 1.141 Thread 0x000001f2cddb0eb0 Implicit null exception at 0x000001f2deaf8fef to 0x000001f2deaf91dc
Event: 1.156 Thread 0x000001f2cddb0eb0 Exception <a 'java/lang/NoSuchMethodError'{0x000000070ef9d868}: 'java.lang.Object java.lang.invoke.DirectMethodHandle$Holder.newInvokeSpecial(java.lang.Object, java.lang.Object, java.lang.Object, java.lang.Object, java.lang.Object, java.lang.Object, java.lang.Object)'> (0x000000070ef9d868) 
thrown [s\open\src\hotspot\share\interpreter\linkResolver.cpp, line 759]
Event: 1.156 Thread 0x000001f2cddb0eb0 Exception <a 'java/lang/NoSuchMethodError'{0x000000070efa2178}: 'java.lang.Object java.lang.invoke.Invokers$Holder.linkToTargetMethod(java.lang.Object, java.lang.Object, java.lang.Object, java.lang.Object, java.lang.Object, java.lang.Object, java.lang.Object)'> (0x000000070efa2178) 
thrown [s\open\src\hotspot\share\interpreter\linkResolver.cpp, line 759]

VM Operations (20 events):
Event: 0.880 Executing VM operation: HandshakeAllThreads
Event: 0.880 Executing VM operation: HandshakeAllThreads done
Event: 0.889 Executing VM operation: ICBufferFull
Event: 0.889 Executing VM operation: ICBufferFull done
Event: 0.914 Executing VM operation: HandshakeAllThreads
Event: 0.914 Executing VM operation: HandshakeAllThreads done
Event: 0.914 Executing VM operation: HandshakeAllThreads
Event: 0.914 Executing VM operation: HandshakeAllThreads done
Event: 0.968 Executing VM operation: HandshakeAllThreads
Event: 0.968 Executing VM operation: HandshakeAllThreads done
Event: 0.968 Executing VM operation: HandshakeAllThreads
Event: 0.968 Executing VM operation: HandshakeAllThreads done
Event: 0.968 Executing VM operation: HandshakeAllThreads
Event: 0.968 Executing VM operation: HandshakeAllThreads done
Event: 1.073 Executing VM operation: HandshakeAllThreads
Event: 1.073 Executing VM operation: HandshakeAllThreads done
Event: 1.074 Executing VM operation: ICBufferFull
Event: 1.074 Executing VM operation: ICBufferFull done
Event: 1.331 Executing VM operation: ICBufferFull
Event: 1.331 Executing VM operation: ICBufferFull done

Events (20 events):
Event: 1.040 loading class java/time/zone/ZoneOffsetTransition done
Event: 1.040 loading class sun/util/cldr/CLDRBaseLocaleDataMetaInfo$TZCanonicalIDMapHolder
Event: 1.041 loading class sun/util/cldr/CLDRBaseLocaleDataMetaInfo$TZCanonicalIDMapHolder done
Event: 1.041 loading class sun/util/resources/TimeZoneNames
Event: 1.042 loading class sun/util/resources/TimeZoneNames done
Event: 1.042 loading class sun/util/resources/TimeZoneNames_en
Event: 1.042 loading class sun/util/resources/TimeZoneNames_en done
Event: 1.236 loading class sun/nio/cs/ISO_8859_1$Decoder
Event: 1.236 loading class sun/nio/cs/ISO_8859_1$Decoder done
Event: 1.295 Thread 0x000001f2f8679020 Thread exited: 0x000001f2f8679020
Event: 1.356 loading class org/w3c/dom/Node
Event: 1.356 loading class org/w3c/dom/Node done
Event: 1.357 loading class javax/xml/parsers/ParserConfigurationException
Event: 1.357 loading class javax/xml/parsers/ParserConfigurationException done
Event: 1.357 loading class org/xml/sax/SAXException
Event: 1.357 loading class org/xml/sax/SAXException done
Event: 1.357 loading class org/w3c/dom/Document
Event: 1.357 loading class org/w3c/dom/Document done
Event: 1.357 loading class org/w3c/dom/Element
Event: 1.357 loading class org/w3c/dom/Element done


Dynamic libraries:
0x00007ff61e190000 - 0x00007ff61e1a0000 	C:\Program Files\Java\jdk-17\bin\java.exe
0x00007ff9a5dd0000 - 0x00007ff9a5fe7000 	C:\WINDOWS\SYSTEM32\ntdll.dll
0x00007ff9a4f90000 - 0x00007ff9a5054000 	C:\WINDOWS\System32\KERNEL32.DLL
0x00007ff9a3180000 - 0x00007ff9a3526000 	C:\WINDOWS\System32\KERNELBASE.dll
0x00007ff9a3a00000 - 0x00007ff9a3b11000 	C:\WINDOWS\System32\ucrtbase.dll
0x00007ff97ce20000 - 0x00007ff97ce3b000 	C:\Program Files\Java\jdk-17\bin\VCRUNTIME140.dll
0x00007ff985e30000 - 0x00007ff985e49000 	C:\Program Files\Java\jdk-17\bin\jli.dll
0x00007ff9a4270000 - 0x00007ff9a4323000 	C:\WINDOWS\System32\ADVAPI32.dll
0x00007ff9a5200000 - 0x00007ff9a52a7000 	C:\WINDOWS\System32\msvcrt.dll
0x00007ff9a5a30000 - 0x00007ff9a5ad8000 	C:\WINDOWS\System32\sechost.dll
0x00007ff9a3750000 - 0x00007ff9a3778000 	C:\WINDOWS\System32\bcrypt.dll
0x00007ff9a4380000 - 0x00007ff9a4497000 	C:\WINDOWS\System32\RPCRT4.dll
0x00007ff9a5be0000 - 0x00007ff9a5d8e000 	C:\WINDOWS\System32\USER32.dll
0x00007ff9a3720000 - 0x00007ff9a3746000 	C:\WINDOWS\System32\win32u.dll
0x00007ff9a5120000 - 0x00007ff9a5149000 	C:\WINDOWS\System32\GDI32.dll
0x00007ff997ee0000 - 0x00007ff998173000 	C:\WINDOWS\WinSxS\amd64_microsoft.windows.common-controls_6595b64144ccf1df_6.0.22621.2506_none_270c5ae97388e100\COMCTL32.dll
0x00007ff9a38e0000 - 0x00007ff9a39f8000 	C:\WINDOWS\System32\gdi32full.dll
0x00007ff9a3840000 - 0x00007ff9a38da000 	C:\WINDOWS\System32\msvcp_win.dll
0x00007ff99bac0000 - 0x00007ff99baca000 	C:\WINDOWS\SYSTEM32\VERSION.dll
0x00007ff9a4ec0000 - 0x00007ff9a4ef1000 	C:\WINDOWS\System32\IMM32.DLL
0x00007ff987000000 - 0x00007ff98700c000 	C:\Program Files\Java\jdk-17\bin\vcruntime140_1.dll
0x00007ff947350000 - 0x00007ff9473de000 	C:\Program Files\Java\jdk-17\bin\msvcp140.dll
0x00007ff9087f0000 - 0x00007ff9093cf000 	C:\Program Files\Java\jdk-17\bin\server\jvm.dll
0x00007ff9a3d40000 - 0x00007ff9a3d48000 	C:\WINDOWS\System32\PSAPI.DLL
0x00007ff9934a0000 - 0x00007ff9934d4000 	C:\WINDOWS\SYSTEM32\WINMM.dll
0x00007ff985890000 - 0x00007ff985899000 	C:\WINDOWS\SYSTEM32\WSOCK32.dll
0x00007ff9a53c0000 - 0x00007ff9a5431000 	C:\WINDOWS\System32\WS2_32.dll
0x00007ff9a2140000 - 0x00007ff9a2158000 	C:\WINDOWS\SYSTEM32\kernel.appcore.dll
0x00007ff984430000 - 0x00007ff98443a000 	C:\Program Files\Java\jdk-17\bin\jimage.dll
0x00007ff9a0960000 - 0x00007ff9a0b93000 	C:\WINDOWS\SYSTEM32\DBGHELP.DLL
0x00007ff9a3d50000 - 0x00007ff9a40d9000 	C:\WINDOWS\System32\combase.dll
0x00007ff9a52e0000 - 0x00007ff9a53b7000 	C:\WINDOWS\System32\OLEAUT32.dll
0x00007ff986ba0000 - 0x00007ff986bd2000 	C:\WINDOWS\SYSTEM32\dbgcore.DLL
0x00007ff9a36a0000 - 0x00007ff9a371a000 	C:\WINDOWS\System32\bcryptPrimitives.dll
0x00007ff99fee0000 - 0x00007ff99feee000 	C:\Program Files\Java\jdk-17\bin\instrument.dll
0x00007ff97c860000 - 0x00007ff97c885000 	C:\Program Files\Java\jdk-17\bin\java.dll
0x00007ff9456b0000 - 0x00007ff945787000 	C:\Program Files\Java\jdk-17\bin\jsvml.dll
0x00007ff9a44a0000 - 0x00007ff9a4cfb000 	C:\WINDOWS\System32\SHELL32.dll
0x00007ff9a1070000 - 0x00007ff9a1966000 	C:\WINDOWS\SYSTEM32\windows.storage.dll
0x00007ff9a0f30000 - 0x00007ff9a106e000 	C:\WINDOWS\SYSTEM32\wintypes.dll
0x00007ff9a5ae0000 - 0x00007ff9a5bd3000 	C:\WINDOWS\System32\SHCORE.dll
0x00007ff9a50c0000 - 0x00007ff9a511e000 	C:\WINDOWS\System32\shlwapi.dll
0x00007ff9a3040000 - 0x00007ff9a3066000 	C:\WINDOWS\SYSTEM32\profapi.dll
0x00007ff96eb00000 - 0x00007ff96eb18000 	C:\Program Files\Java\jdk-17\bin\zip.dll
0x00007ff977790000 - 0x00007ff9777a9000 	C:\Program Files\Java\jdk-17\bin\net.dll
0x00007ff99d480000 - 0x00007ff99d5b7000 	C:\WINDOWS\SYSTEM32\WINHTTP.dll
0x00007ff9a26c0000 - 0x00007ff9a2729000 	C:\WINDOWS\system32\mswsock.dll
0x00007ff9775e0000 - 0x00007ff9775f6000 	C:\Program Files\Java\jdk-17\bin\nio.dll
0x00007ff98aaa0000 - 0x00007ff98aaba000 	C:\Program Files\JetBrains\IntelliJ IDEA Community Edition 2023.3.5\bin\breakgen64.dll
0x0000000069ac0000 - 0x0000000069ae4000 	C:\Users\titif\AppData\Local\Temp\jansi-2.4.0-cb6db51f4c7b66fa-jansi.dll
0x00007ff97c4b0000 - 0x00007ff97c4c0000 	C:\Program Files\Java\jdk-17\bin\verify.dll

dbghelp: loaded successfully - version: 4.0.5 - missing functions: none
symbol engine: initialized successfully - sym options: 0x614 - pdb path: .;C:\Program Files\Java\jdk-17\bin;C:\WINDOWS\SYSTEM32;C:\WINDOWS\WinSxS\amd64_microsoft.windows.common-controls_6595b64144ccf1df_6.0.22621.2506_none_270c5ae97388e100;C:\Program Files\Java\jdk-17\bin\server;C:\Program Files\JetBrains\IntelliJ IDEA Community Edition 2023.3.5\bin;C:\Users\titif\AppData\Local\Temp

VM Arguments:
jvm_args: -Dmaven.multiModuleProjectDirectory=C:\Users\titif\JavaProjects\Fidem -Djansi.passthrough=true -Dmaven.home=C:\Program Files\JetBrains\IntelliJ IDEA Community Edition 2023.3.5\plugins\maven\lib\maven3 -Dclassworlds.conf=C:\Program Files\JetBrains\IntelliJ IDEA Community Edition 2023.3.5\plugins\maven\lib\maven3\bin\m2.conf -Dmaven.ext.class.path=C:\Program Files\JetBrains\IntelliJ IDEA Community Edition 2023.3.5\plugins\maven\lib\maven-event-listener.jar -javaagent:C:\Program Files\JetBrains\IntelliJ IDEA Community Edition 2023.3.5\lib\idea_rt.jar=54353:C:\Program Files\JetBrains\IntelliJ IDEA Community Edition 2023.3.5\bin -Dfile.encoding=UTF-8 
java_command: org.codehaus.classworlds.Launcher -Didea.version=2023.3.5 package
java_class_path (initial): C:\Program Files\JetBrains\IntelliJ IDEA Community Edition 2023.3.5\plugins\maven\lib\maven3\boot\plexus-classworlds-2.7.0.jar;C:\Program Files\JetBrains\IntelliJ IDEA Community Edition 2023.3.5\plugins\maven\lib\maven3\boot\plexus-classworlds.license
Launcher Type: SUN_STANDARD

[Global flags]
     intx CICompilerCount                          = 12                                        {product} {ergonomic}
     uint ConcGCThreads                            = 3                                         {product} {ergonomic}
     uint G1ConcRefinementThreads                  = 13                                        {product} {ergonomic}
   size_t G1HeapRegionSize                         = 2097152                                   {product} {ergonomic}
    uintx GCDrainStackTargetSize                   = 64                                        {product} {ergonomic}
   size_t InitialHeapSize                          = 266338304                                 {product} {ergonomic}
   size_t MarkStackSize                            = 4194304                                   {product} {ergonomic}
   size_t MaxHeapSize                              = 4261412864                                {product} {ergonomic}
   size_t MaxNewSize                               = 2556428288                                {product} {ergonomic}
   size_t MinHeapDeltaBytes                        = 2097152                                   {product} {ergonomic}
   size_t MinHeapSize                              = 8388608                                   {product} {ergonomic}
    uintx NonNMethodCodeHeapSize                   = 7602480                                {pd product} {ergonomic}
    uintx NonProfiledCodeHeapSize                  = 122027880                              {pd product} {ergonomic}
    uintx ProfiledCodeHeapSize                     = 122027880                              {pd product} {ergonomic}
    uintx ReservedCodeCacheSize                    = 251658240                              {pd product} {ergonomic}
     bool SegmentedCodeCache                       = true                                      {product} {ergonomic}
   size_t SoftMaxHeapSize                          = 4261412864                             {manageable} {ergonomic}
     bool UseCompressedClassPointers               = true                           {product lp64_product} {ergonomic}
     bool UseCompressedOops                        = true                           {product lp64_product} {ergonomic}
     bool UseG1GC                                  = true                                      {product} {ergonomic}
     bool UseLargePagesIndividualAllocation        = false                                  {pd product} {ergonomic}

Logging:
Log output configuration:
 #0: stdout all=warning uptime,level,tags
 #1: stderr all=off uptime,level,tags

Environment Variables:
PATH=C:\Program Files\Common Files\Oracle\Java\javapath;C:\WINDOWS\system32;C:\WINDOWS;C:\WINDOWS\System32\Wbem;C:\WINDOWS\System32\WindowsPowerShell\v1.0\;C:\WINDOWS\System32\OpenSSH\;D:\Windows Kits\10\Windows Performance Toolkit\;C:\Users\titif\AppData\Local\Microsoft\WindowsApps;C:\Users\titif\AppData\Local\Programs\Microsoft VS Code\bin;C:\msys64\ucrt64\bin;;C:\Program Files\JetBrains\IntelliJ IDEA Community Edition 2023.3.5\bin;
USERNAME=titif
OS=Windows_NT
PROCESSOR_IDENTIFIER=Intel64 Family 6 Model 167 Stepping 1, GenuineIntel



---------------  S Y S T E M  ---------------

OS:
 Windows 11 , 64 bit Build 22621 (10.0.22621.3085)
OS uptime: 0 days 11:05 hours

CPU: total 16 (initial active 16) (8 cores per cpu, 2 threads per core) family 6 model 167 stepping 1 microcode 0x40, cx8, cmov, fxsr, ht, mmx, 3dnowpref, sse, sse2, sse3, ssse3, sse4.1, sse4.2, popcnt, lzcnt, tsc, tscinvbit, avx, avx2, aes, erms, clmul, bmi1, bmi2, adx, avx512f, avx512dq, avx512cd, avx512bw, avx512vl, sha, fma, vzeroupper, avx512_vpopcntdq, avx512_vpclmulqdq, avx512_vaes, avx512_vnni, clflush, clflushopt, avx512_vbmi2, avx512_vbmi

Memory: 4k page, system-wide physical 16249M (3008M free)
TotalPageFile size 65401M (AvailPageFile size 9M)
current process WorkingSet (physical memory assigned to process): 154M, peak: 159M
current process commit charge ("private bytes"): 405M, peak: 412M

vm_info: Java HotSpot(TM) 64-Bit Server VM (17.0.10+11-LTS-240) for windows-amd64 JRE (17.0.10+11-LTS-240), built on Dec 19 2023 21:47:25 by "mach5one" with MS VC++ 17.1 (VS2022)

END.
